<?xml version="1.0" encoding="UTF-8" ?>
<testsuite tests="5" failures="0" name="session14.parallel.TestParallelClass1" time="25.045" errors="0" skipped="0">
  <properties>
[...]
</properties>
  <testcase classname="session14.parallel.TestParallelClass1" name="sleep5sec_1" time="5.015"/>
  <testcase classname="session14.parallel.TestParallelClass1" name="sleep5sec_2" time="5.002"/>
  <testcase classname="session14.parallel.TestParallelClass1" name="sleep5sec_3" time="5.005"/>
  <testcase classname="session14.parallel.TestParallelClass1" name="sleep5sec_4" time="5.012"/>
  <testcase classname="session14.parallel.TestParallelClass1" name="sleep5sec_5" time="5.011"/>
</testsuite>